Crashlog created at 2013-06-25 23:56:17 +0430

===== MESSAGE:

SyntaxError: item /en/resources/curves/archimedes_spiral/ (rep default):15: unknown regexp options - rrcaagr

===== COMPILATION STACK:

  - [item]   /en/resources/curves/archimedes_spiral/ (rep default)

===== STACK TRACE:

  0. /usr/lib/ruby/1.9.1/erb.rb:838:in `eval'
  1. /usr/lib/ruby/1.9.1/erb.rb:838:in `result'
  2. /var/lib/gems/1.9.1/gems/nanoc-3.6.4/lib/nanoc/filters/erb.rb:34:in `run'
  3. /var/lib/gems/1.9.1/gems/nanoc-3.6.4/lib/nanoc/base/compilation/filter.rb:122:in `setup_and_run'
  4. /var/lib/gems/1.9.1/gems/nanoc-3.6.4/lib/nanoc/base/result_data/item_rep.rb:344:in `filter'
  5. /var/lib/gems/1.9.1/gems/nanoc-3.6.4/lib/nanoc/base/compilation/item_rep_proxy.rb:47:in `filter'
  6. /var/lib/gems/1.9.1/gems/nanoc-3.6.4/lib/nanoc/base/compilation/rule_context.rb:55:in `filter'
  7. ./Rules:34:in `block in load'
  8. /var/lib/gems/1.9.1/gems/nanoc-3.6.4/lib/nanoc/base/compilation/rule.rb:68:in `instance_eval'
  9. /var/lib/gems/1.9.1/gems/nanoc-3.6.4/lib/nanoc/base/compilation/rule.rb:68:in `apply_to'
  10. /var/lib/gems/1.9.1/gems/nanoc-3.6.4/lib/nanoc/base/compilation/compiler.rb:384:in `compile_rep'
  11. /var/lib/gems/1.9.1/gems/nanoc-3.6.4/lib/nanoc/base/compilation/compiler.rb:340:in `block in compile_reps'
  12. /var/lib/gems/1.9.1/gems/nanoc-3.6.4/lib/nanoc/base/compilation/compiler.rb:333:in `loop'
  13. /var/lib/gems/1.9.1/gems/nanoc-3.6.4/lib/nanoc/base/compilation/compiler.rb:333:in `compile_reps'
  14. /var/lib/gems/1.9.1/gems/nanoc-3.6.4/lib/nanoc/base/compilation/compiler.rb:89:in `run'
  15. /var/lib/gems/1.9.1/gems/nanoc-3.6.4/lib/nanoc/base/source_data/site.rb:58:in `compile'
  16. /var/lib/gems/1.9.1/gems/nanoc-3.6.4/lib/nanoc/cli/commands/compile.rb:363:in `block in run'
  17. /var/lib/gems/1.9.1/gems/nanoc-3.6.4/lib/nanoc/cli/commands/compile.rb:404:in `run_listeners_while'
  18. /var/lib/gems/1.9.1/gems/nanoc-3.6.4/lib/nanoc/cli/commands/compile.rb:362:in `run'
  19. /var/lib/gems/1.9.1/gems/nanoc-3.6.4/lib/nanoc/cli/command_runner.rb:14:in `block in call'
  20. /var/lib/gems/1.9.1/gems/nanoc-3.6.4/lib/nanoc/cli/error_handler.rb:70:in `handle_while'
  21. /var/lib/gems/1.9.1/gems/nanoc-3.6.4/lib/nanoc/cli/error_handler.rb:26:in `handle_while'
  22. /var/lib/gems/1.9.1/gems/nanoc-3.6.4/lib/nanoc/cli/command_runner.rb:13:in `call'
  23. /var/lib/gems/1.9.1/gems/cri-2.3.0/lib/cri/command_dsl.rb:185:in `block in runner'
  24. /var/lib/gems/1.9.1/gems/cri-2.3.0/lib/cri/command.rb:296:in `call'
  25. /var/lib/gems/1.9.1/gems/cri-2.3.0/lib/cri/command.rb:296:in `run_this'
  26. /var/lib/gems/1.9.1/gems/cri-2.3.0/lib/cri/command.rb:249:in `run'
  27. /var/lib/gems/1.9.1/gems/cri-2.3.0/lib/cri/command.rb:262:in `run'
  28. /var/lib/gems/1.9.1/gems/nanoc-3.6.4/lib/nanoc/cli.rb:52:in `block in run'
  29. /var/lib/gems/1.9.1/gems/nanoc-3.6.4/lib/nanoc/cli/error_handler.rb:70:in `handle_while'
  30. /var/lib/gems/1.9.1/gems/nanoc-3.6.4/lib/nanoc/cli/error_handler.rb:26:in `handle_while'
  31. /var/lib/gems/1.9.1/gems/nanoc-3.6.4/lib/nanoc/cli.rb:50:in `run'
  32. /var/lib/gems/1.9.1/gems/nanoc-3.6.4/bin/nanoc:19:in `<top (required)>'
  33. /usr/local/bin/nanoc:23:in `load'
  ... 36 more lines omitted. See full crash log for details.

===== VERSION INFORMATION:

nanoc 3.6.4 © 2007-2013 Denis Defreyne.
Running ruby 1.9.3 (2012-04-20) on x86_64-linux with RubyGems 1.8.23.

===== SYSTEM INFORMATION:

Linux kali 3.7-trunk-amd64 #1 SMP Debian 3.7.2-0+kali6 x86_64 GNU/Linux

===== INSTALLED GEMS:

  adsf 1.1.1
  colored 1.2
  cri 2.3.0
  kramdown 1.0.2
  mini_portile 0.5.0
  nanoc 3.6.4
  rack 1.5.2

===== ENVIRONMENT:

COLORTERM => "gnome-terminal"
DBUS_SESSION_BUS_ADDRESS => "unix:abstract=/tmp/dbus-EMWRUzhCAF,guid=1f3b2dea0d86dceec2f8e36351c831cf"
DESKTOP_SESSION => "default"
DISPLAY => ":0.0"
GDMSESSION => "default"
GDM_LANG => "en_US.UTF-8"
GNOME_DESKTOP_SESSION_ID => "this-is-deprecated"
GNOME_KEYRING_CONTROL => "/root/.cache/keyring-HPZDcX"
GNOME_KEYRING_PID => "2624"
GPG_AGENT_INFO => "/root/.cache/keyring-HPZDcX/gpg:0:1"
HOME => "/root"
LANG => "en_US.UTF-8"
LOGNAME => "root"
LS_COLORS => "rs=0:di=01;34:ln=01;36:mh=00:pi=40;33:so=01;35:do=01;35:bd=40;33;01:cd=40;33;01:or=40;31;01:su=37;41:sg=30;43:ca=30;41:tw=30;42:ow=34;42:st=37;44:ex=01;32:*.tar=01;31:*.tgz=01;31:*.arj=01;31:*.taz=01;31:*.lzh=01;31:*.lzma=01;31:*.tlz=01;31:*.txz=01;31:*.zip=01;31:*.z=01;31:*.Z=01;31:*.dz=01;31:*.gz=01;31:*.lz=01;31:*.xz=01;31:*.bz2=01;31:*.bz=01;31:*.tbz=01;31:*.tbz2=01;31:*.tz=01;31:*.deb=01;31:*.rpm=01;31:*.jar=01;31:*.war=01;31:*.ear=01;31:*.sar=01;31:*.rar=01;31:*.ace=01;31:*.zoo=01;31:*.cpio=01;31:*.7z=01;31:*.rz=01;31:*.jpg=01;35:*.jpeg=01;35:*.gif=01;35:*.bmp=01;35:*.pbm=01;35:*.pgm=01;35:*.ppm=01;35:*.tga=01;35:*.xbm=01;35:*.xpm=01;35:*.tif=01;35:*.tiff=01;35:*.png=01;35:*.svg=01;35:*.svgz=01;35:*.mng=01;35:*.pcx=01;35:*.mov=01;35:*.mpg=01;35:*.mpeg=01;35:*.m2v=01;35:*.mkv=01;35:*.webm=01;35:*.ogm=01;35:*.mp4=01;35:*.m4v=01;35:*.mp4v=01;35:*.vob=01;35:*.qt=01;35:*.nuv=01;35:*.wmv=01;35:*.asf=01;35:*.rm=01;35:*.rmvb=01;35:*.flc=01;35:*.avi=01;35:*.fli=01;35:*.flv=01;35:*.gl=01;35:*.dl=01;35:*.xcf=01;35:*.xwd=01;35:*.yuv=01;35:*.cgm=01;35:*.emf=01;35:*.axv=01;35:*.anx=01;35:*.ogv=01;35:*.ogx=01;35:*.aac=00;36:*.au=00;36:*.flac=00;36:*.mid=00;36:*.midi=00;36:*.mka=00;36:*.mp3=00;36:*.mpc=00;36:*.ogg=00;36:*.ra=00;36:*.wav=00;36:*.axa=00;36:*.oga=00;36:*.spx=00;36:*.xspf=00;36:"
PATH => "/usr/local/sbin:/usr/local/bin:/usr/sbin:/usr/bin:/sbin:/bin"
PWD => "/home/workspace/neogeo"
SESSION_MANAGER => "local/kali:@/tmp/.ICE-unix/2642,unix/kali:/tmp/.ICE-unix/2642"
SHELL => "/bin/bash"
SHLVL => "1"
SSH_AGENT_PID => "2756"
SSH_AUTH_SOCK => "/root/.cache/keyring-HPZDcX/ssh"
TERM => "xterm"
USER => "root"
USERNAME => "root"
WINDOWID => "73400324"
WINDOWPATH => "7"
XAUTHORITY => "/var/run/gdm3/auth-for-root-7weevG/database"
XDG_DATA_DIRS => "/usr/share/gnome:/usr/local/share/:/usr/share/"
XDG_SESSION_COOKIE => "983a93e5f0380e428212005451bd7137-1372074445.765697-391207701"
_ => "/usr/local/bin/nanoc"

===== LOAD PATHS:

  0. /var/lib/gems/1.9.1/gems/nanoc-3.6.4/lib
  1. /var/lib/gems/1.9.1/gems/colored-1.2/lib
  2. /var/lib/gems/1.9.1/gems/cri-2.3.0/lib
  3. /var/lib/gems/1.9.1/gems/nanoc-3.6.4/lib
  4. /usr/local/lib/site_ruby/1.9.1
  5. /usr/local/lib/site_ruby/1.9.1/x86_64-linux
  6. /usr/local/lib/site_ruby
  7. /usr/lib/ruby/vendor_ruby/1.9.1
  8. /usr/lib/ruby/vendor_ruby/1.9.1/x86_64-linux
  9. /usr/lib/ruby/vendor_ruby
  10. /usr/lib/ruby/1.9.1
  11. /usr/lib/ruby/1.9.1/x86_64-linux
